0 info it worked if it ends with ok
1 verbose cli [ '/usr/bin/node', '/usr/bin/npm', 'start' ]
2 info using npm@3.5.2
3 info using node@v8.10.0
4 verbose run-script [ 'prestart', 'start', 'poststart' ]
5 info lifecycle raptor-auth@5.0.15~prestart: raptor-auth@5.0.15
6 silly lifecycle raptor-auth@5.0.15~prestart: no script for prestart, continuing
7 info lifecycle raptor-auth@5.0.15~start: raptor-auth@5.0.15
8 verbose lifecycle raptor-auth@5.0.15~start: unsafe-perm in lifecycle true
9 verbose lifecycle raptor-auth@5.0.15~start: PATH: /usr/share/npm/bin/node-gyp-bin:/home/ans/Documents/projects/raptorbox/raptor-auth/node_modules/.bin:/home/ans/bin:/usr/local/sbin:/usr/local/bin:/usr/sbin:/usr/bin:/sbin:/bin:/usr/games:/usr/local/games:/snap/bin:/usr/local/go/bin:/home/ans/Documents/softwares/idea-IC-182.3911.36/bin
10 verbose lifecycle raptor-auth@5.0.15~start: CWD: /home/ans/Documents/projects/raptorbox/raptor-auth
11 silly lifecycle raptor-auth@5.0.15~start: Args: [ '-c', './bin/cli.js' ]
12 silly lifecycle raptor-auth@5.0.15~start: Returned: code: 1  signal: null
13 info lifecycle raptor-auth@5.0.15~start: Failed to exec start script
14 verbose stack Error: raptor-auth@5.0.15 start: `./bin/cli.js`
14 verbose stack Exit status 1
14 verbose stack     at EventEmitter.<anonymous> (/usr/share/npm/lib/utils/lifecycle.js:232:16)
14 verbose stack     at emitTwo (events.js:126:13)
14 verbose stack     at EventEmitter.emit (events.js:214:7)
14 verbose stack     at ChildProcess.<anonymous> (/usr/share/npm/lib/utils/spawn.js:24:14)
14 verbose stack     at emitTwo (events.js:126:13)
14 verbose stack     at ChildProcess.emit (events.js:214:7)
14 verbose stack     at maybeClose (internal/child_process.js:925:16)
14 verbose stack     at Process.ChildProcess._handle.onexit (internal/child_process.js:209:5)
15 verbose pkgid raptor-auth@5.0.15
16 verbose cwd /home/ans/Documents/projects/raptorbox/raptor-auth
17 error Linux 4.15.0-30-generic
18 error argv "/usr/bin/node" "/usr/bin/npm" "start"
19 error node v8.10.0
20 error npm  v3.5.2
21 error code ELIFECYCLE
22 error raptor-auth@5.0.15 start: `./bin/cli.js`
22 error Exit status 1
23 error Failed at the raptor-auth@5.0.15 start script './bin/cli.js'.
23 error Make sure you have the latest version of node.js and npm installed.
23 error If you do, this is most likely a problem with the raptor-auth package,
23 error not with npm itself.
23 error Tell the author that this fails on your system:
23 error     ./bin/cli.js
23 error You can get information on how to open an issue for this project with:
23 error     npm bugs raptor-auth
23 error Or if that isn't available, you can get their info via:
23 error     npm owner ls raptor-auth
23 error There is likely additional logging output above.
24 verbose exit [ 1, true ]
